<?xml version="1.0" encoding="UTF-8"?>
<!-- Generated by org.testng.reporters.JUnitReportReporter -->
<testsuite hostname="SVG" failures="0" tests="3" name="testcase.Homepage_Test" time="27.649" errors="0" timestamp="2023-02-16T08:52:19 IST" skipped="0">
  <testcase classname="testcase.Homepage_Test" name="HomePageTitleTest" time="8.968"/>
  <system-out/>
  <testcase classname="testcase.Homepage_Test" name="verifyUserNameTest" time="5.476"/>
  <system-out/>
  <testcase classname="testcase.Homepage_Test" name="verifyClickOnLogout" time="13.205"/>
  <system-out/>
</testsuite> <!-- testcase.Homepage_Test -->
