<?xml version="1.0" encoding="UTF-8"?>
<!-- Generated by org.testng.reporters.JUnitReportReporter -->
<testsuite hostname="SVG" failures="0" tests="1" name="testcase.ChangePassword_Test" time="0.000" errors="0" timestamp="2023-02-21T09:28:20 IST" skipped="1">
  <testcase classname="testcase.ChangePassword_Test" name="request_a_bookTest" time="0.000">
    <skipped/>
  </testcase> <!-- request_a_bookTest -->
  <system-out/>
</testsuite> <!-- testcase.ChangePassword_Test -->
