<?xml version="1.0" encoding="UTF-8"?>
<!-- Generated by org.testng.reporters.JUnitReportReporter -->
<testsuite hostname="SVG" failures="0" tests="6" name="testcase.Loginpage_Test" time="70.143" errors="0" timestamp="2023-02-23T09:06:07 IST" skipped="0">
  <testcase classname="testcase.Loginpage_Test" name="loginPageTitleTest" time="11.034"/>
  <system-out/>
  <testcase classname="testcase.Loginpage_Test" name="ImageTest" time="14.482"/>
  <system-out/>
  <testcase classname="testcase.Loginpage_Test" name="loginTest" time="10.559"/>
  <system-out/>
  <testcase classname="testcase.Loginpage_Test" name="MultipleUserLoginTest" time="13.210"/>
  <system-out/>
  <testcase classname="testcase.Loginpage_Test" name="MultipleUserLoginTest" time="10.198"/>
  <system-out/>
  <testcase classname="testcase.Loginpage_Test" name="MultipleUserLoginTest" time="10.660"/>
  <system-out/>
</testsuite> <!-- testcase.Loginpage_Test -->
